START FUNCTION main
Avail set for register class 0: { R2 R5 R10 R31 R32 R75 R79 R83 R87 R91 R95 R99 R103 R117 }
Avail set for register class 1: { R2 R5 R10 R32 }
Avail set for register class 2: { R1 R4 R9 R29 }
Avail set for register class 3: { R2 R5 R10 R32 }
Avail set for register class 4: { R3 R8 R28 R30 R42 R77 R81 R85 R89 R93 R97 R101 R105 R116 }
Avail set for register class 5: { R3 R8 R28 R30 R42 R116 }
Avail set for register class 6: { }
Avail set for register class 7: { R3 R8 R28 R42 }
Avail set for register class 8: { R62 }
Avail set for register class 9: { R129 R130 R131 R132 R133 R134 R135 R136 R137 R138 R139 R140 R141 R142 R143 R144 }
Avail set for register class 10: { R43 R45 R46 R47 R48 R53 R76 R80 R84 R88 R92 R96 R100 R104 }
Avail set for register class 11: { R45 R46 R47 R48 R53 R76 R80 R84 R88 R92 R96 R100 R104 }
Avail set for register class 12: { R43 R45 R46 R47 R48 R53 R76 R80 R84 R88 R92 R96 R100 R104 }
Avail set for register class 13: { R45 R46 R47 R48 R53 R76 R80 R84 R88 R92 R96 R100 R104 }
Avail set for register class 14: { R33 R34 R35 R36 R37 R38 R39 R40 }
Avail set for register class 15: { R43 R45 R46 R47 R48 R53 }
Avail set for register class 16: { R45 R46 R47 R48 R53 }
Avail set for register class 17: { R43 R45 R46 R47 R48 R53 }
Avail set for register class 18: { R55 R56 R57 R58 R59 R60 R61 }
Avail set for register class 19: { R45 R46 R47 R48 R53 }
Avail set for register class 20: { R43 R45 R46 R48 }
Avail set for register class 21: { R45 R46 R48 }
Avail set for register class 22: { R43 R46 R48 }
Avail set for register class 23: { R43 R48 }
Avail set for register class 24: { R46 R48 }
Avail set for register class 25: { R49 }
Avail set for register class 26: { R48 }
Avail set for register class 27: { R55 R56 R57 R58 R59 R60 R61 }
Avail set for register class 28: { R74 R78 R82 R86 R90 R94 R98 R102 R106 R108 R109 R110 R111 R114 }
Avail set for register class 29: { R11 R12 R13 R14 R15 R16 R17 R18 R19 R20 R21 R22 R23 R24 R25 R26 }
Avail set for register class 30: { R129 R130 R131 R132 R133 R134 R135 R136 R137 R138 R139 R140 R141 R142 R143 R144 }
Avail set for register class 31: { R74 R78 R82 R86 R90 R94 R98 R102 R106 R108 R109 R110 R111 R114 }
Avail set for register class 32: { R74 R78 R82 R86 R90 R94 R98 R102 R106 R108 R109 R110 R111 R114 }
Avail set for register class 33: { R74 R78 R82 R86 R90 R94 R98 R102 R108 R109 R110 R111 R114 }
Avail set for register class 34: { R74 R78 R82 R86 R90 R94 R98 R102 R108 R109 R110 R111 R114 }
Avail set for register class 35: { R106 R108 R109 R110 R111 R114 }
Avail set for register class 36: { R74 R78 R86 R106 R109 R110 R111 R114 }
Avail set for register class 37: { R74 R78 R86 R106 R109 R110 R111 R114 }
Avail set for register class 38: { R106 R108 R109 R110 R111 R114 }
Avail set for register class 39: { R66 R67 R68 R69 R70 R71 R72 R73 }
Avail set for register class 40: { R106 R108 R109 R110 R111 R114 }
Avail set for register class 41: { R74 R78 R86 R109 R110 R111 R114 }
Avail set for register class 42: { R108 R109 R110 R111 R114 }
Avail set for register class 43: { R106 R109 R110 R111 R114 }
Avail set for register class 44: { R74 R78 R86 R106 R109 R111 }
Avail set for register class 45: { R108 R109 R110 R111 R114 }
Avail set for register class 46: { R106 R109 R110 R111 R114 }
Avail set for register class 47: { R74 R78 R86 R109 R111 }
Avail set for register class 48: { R106 R108 R109 R111 }
Avail set for register class 49: { R109 R110 R111 R114 }
Avail set for register class 50: { R108 R109 R111 }
Avail set for register class 51: { R106 R109 R111 }
Avail set for register class 52: { R106 R111 }
Avail set for register class 53: { R109 R111 }
Avail set for register class 54: { R111 }
Avail set for register class 55: { }
Avail set for register class 56: { R55 R56 R57 R58 R59 R60 R61 }
Avail set for register class 57: { R129 R130 R131 R132 R133 R134 R135 R136 R137 R138 R139 R140 R141 R142 R143 R144 }
Avail set for register class 58: { R145 R146 R147 R148 R149 R150 R151 R152 R153 R154 R155 R156 R157 R158 R159 R160 }

MACHINE INSTRUCTIONS
Basic Block entry
%1:   %vreg4<def> = COPY %EDI; GR32:%vreg4
%2:   %vreg6<def> = MOV32r0 %EFLAGS<imp-def,dead>; GR32:%vreg6
%3:   %vreg13<def> = COPY %vreg4; GR32:%vreg13,%vreg4
%4:   %vreg14<def> = COPY %vreg6; GR32:%vreg14,%vreg6
Basic Block for.cond
%5:   %vreg0<def> = COPY %vreg13; GR32_NOSP:%vreg0 GR32:%vreg13
%6:   %vreg1<def> = COPY %vreg14; GR32:%vreg1,%vreg14
%7:   CMP32ri8 %vreg0, 99, %EFLAGS<imp-def>; GR32_NOSP:%vreg0
%8:   JG_4 <BB#4>, %EFLAGS<imp-use>
%9:   JMP_4 <BB#2>
Basic Block for.body
%10:   %vreg2<def> = LEA64_32r %vreg1, 1, %vreg0, 0, %noreg; GR32:%vreg2,%vreg1 GR32_NOSP:%vreg0
%11:   %vreg12<def> = LEA64_32r %vreg0, 1, %noreg, 1, %noreg; GR32:%vreg12 GR32_NOSP:%vreg0
%12:   %vreg13<def> = COPY %vreg12; GR32:%vreg13,%vreg12
%13:   %vreg14<def> = COPY %vreg2; GR32:%vreg14,%vreg2
%14:   JMP_4 <BB#1>
Basic Block for.end
%15:   ADJCALLSTACKDOWN64 0, %RSP<imp-def,dead>, %EFLAGS<imp-def,dead>, %RSP<imp-use>
%16:   %vreg8<def> = MOV64ri64i32 <ga:@.str>; GR64:%vreg8
%17:   %vreg9<def> = MOV8r0 %EFLAGS<imp-def,dead>; GR8:%vreg9
%18:   %RDI<def> = COPY %vreg8; GR64:%vreg8
%19:   %ESI<def> = COPY %vreg1; GR32:%vreg1
%20:   %AL<def> = COPY %vreg9; GR8:%vreg9
%21:   CALL64pcrel32 <ga:@printf>, <regmask>, %RSP<imp-use>, %RDI<imp-use>, %ESI<imp-use>, %AL<imp-use>, %RSP<imp-def>, %EAX<imp-def>
%22:   ADJCALLSTACKUP64 0, 0, %RSP<imp-def,dead>, %EFLAGS<imp-def,dead>, %RSP<imp-use>
%23:   %vreg11<def> = MOV32r0 %EFLAGS<imp-def,dead>; GR32:%vreg11
%24:   %EAX<def> = COPY %vreg11; GR32:%vreg11
%25:   RET %EAX

START LIVE ANALYSIS

LIVE VARS

BASIC BLOCK entry
  L-Before: { R47 R115 }
  L-After: { R115 %13 %14 }
%1: 	L-Before: { R47 R115 }
	L-After: { R115 %4 }
%2: 	L-Before: { R115 %4 }
	L-After: { R115 %4 %6 }
%3: 	L-Before: { R115 %4 %6 }
	L-After: { R115 %6 %13 }
%4: 	L-Before: { R115 %6 %13 }
	L-After: { R115 %13 %14 }

BASIC BLOCK for.cond
  L-Before: { R115 %13 %14 }
  L-After: { R115 %0 %1 }
%5: 	L-Before: { R115 %13 %14 }
	L-After: { R115 %0 %14 }
%6: 	L-Before: { R115 %0 %14 }
	L-After: { R115 %0 %1 }
%7: 	L-Before: { R115 %0 %1 }
	L-After: { R49 R115 %0 %1 }
%8: 	L-Before: { R49 R115 %0 %1 }
	L-After: { R115 %0 %1 }
%9: 	L-Before: { R115 %0 %1 }
	L-After: { R115 %0 %1 }

BASIC BLOCK for.body
  L-Before: { R115 %0 %1 }
  L-After: { R115 %13 %14 }
%10: 	L-Before: { R115 %0 %1 }
	L-After: { R115 %0 %2 }
%11: 	L-Before: { R115 %0 %2 }
	L-After: { R115 %2 %12 }
%12: 	L-Before: { R115 %2 %12 }
	L-After: { R115 %2 %13 }
%13: 	L-Before: { R115 %2 %13 }
	L-After: { R115 %13 %14 }
%14: 	L-Before: { R115 %13 %14 }
	L-After: { R115 %13 %14 }

BASIC BLOCK for.end
  L-Before: { R115 %1 }
  L-After: { }
%15: 	L-Before: { R115 %1 }
	L-After: { R115 %1 }
%16: 	L-Before: { R115 %1 }
	L-After: { R115 %1 %8 }
%17: 	L-Before: { R115 %1 %8 }
	L-After: { R115 %1 %8 %9 }
%18: 	L-Before: { R115 %1 %8 %9 }
	L-After: { R110 R115 %1 %9 }
%19: 	L-Before: { R110 R115 %1 %9 }
	L-After: { R53 R110 R115 %9 }
%20: 	L-Before: { R53 R110 R115 %9 }
	L-After: { R2 R53 R110 R115 }
%21: 	L-Before: { R2 R53 R110 R115 }
	L-After: { R115 }
%22: 	L-Before: { R115 }
	L-After: { }
%23: 	L-Before: { }
	L-After: { %11 }
%24: 	L-Before: { %11 }
	L-After: { R43 }
%25: 	L-Before: { R43 }
	L-After: { }

START REACHING DEFS ANALYSIS

REACHING DEFS
BASIC BLOCK entry
  RD-Before: {(R47, %0) (R115, %0)  }
  RD-After: {(%4, %1) (R49, %2) (%6, %2) (%13, %3) (%14, %4) (R47, %0) (R115, %0)  }
%1: 	RD-Before: {(R47, %0) (R115, %0)  }
	RD-After: {(R47, %0) (R115, %0) (%4, %1)  }

%2: 	RD-Before: {(R47, %0) (R115, %0) (%4, %1)  }
	RD-After: {(R47, %0) (R115, %0) (%4, %1) (R49, %2) (%6, %2)  }

%3: 	RD-Before: {(R47, %0) (R115, %0) (%4, %1) (R49, %2) (%6, %2)  }
	RD-After: {(R47, %0) (R115, %0) (%4, %1) (R49, %2) (%6, %2) (%13, %3)  }

%4: 	RD-Before: {(R47, %0) (R115, %0) (%4, %1) (R49, %2) (%6, %2) (%13, %3)  }
	RD-After: {(R47, %0) (R115, %0) (%4, %1) (R49, %2) (%6, %2) (%13, %3) (%14, %4)  }

BASIC BLOCK for.cond
  RD-Before: {(%4, %1) (R49, %2) (%6, %2) (%13, %3) (%14, %4) (%0, %5) (%1, %6) (R49, %7) (%2, %10) (%12, %11) (%13, %12) (%14, %13) (R47, %0) (R115, %0)  }
  RD-After: {(%4, %1) (%6, %2) (%13, %3) (%14, %4) (%0, %5) (%1, %6) (R49, %7) (%2, %10) (%12, %11) (%13, %12) (%14, %13) (R47, %0) (R115, %0)  }
%5: 	RD-Before: {(%4, %1) (R49, %2) (%6, %2) (%13, %3) (%14, %4) (%0, %5) (%1, %6) (R49, %7) (%2, %10) (%12, %11) (%13, %12) (%14, %13) (R47, %0) (R115, %0)  }
	RD-After: {(%4, %1) (R49, %2) (%6, %2) (%13, %3) (%14, %4) (%1, %6) (R49, %7) (%2, %10) (%12, %11) (%13, %12) (%14, %13) (R47, %0) (R115, %0) (%0, %5)  }

%6: 	RD-Before: {(%4, %1) (R49, %2) (%6, %2) (%13, %3) (%14, %4) (%1, %6) (R49, %7) (%2, %10) (%12, %11) (%13, %12) (%14, %13) (R47, %0) (R115, %0) (%0, %5)  }
	RD-After: {(%4, %1) (R49, %2) (%6, %2) (%13, %3) (%14, %4) (R49, %7) (%2, %10) (%12, %11) (%13, %12) (%14, %13) (R47, %0) (R115, %0) (%0, %5) (%1, %6)  }

%7: 	RD-Before: {(%4, %1) (R49, %2) (%6, %2) (%13, %3) (%14, %4) (R49, %7) (%2, %10) (%12, %11) (%13, %12) (%14, %13) (R47, %0) (R115, %0) (%0, %5) (%1, %6)  }
	RD-After: {(%4, %1) (%6, %2) (%13, %3) (%14, %4) (%2, %10) (%12, %11) (%13, %12) (%14, %13) (R47, %0) (R115, %0) (%0, %5) (%1, %6) (R49, %7)  }

%8: 	RD-Before: {(%4, %1) (%6, %2) (%13, %3) (%14, %4) (%2, %10) (%12, %11) (%13, %12) (%14, %13) (R47, %0) (R115, %0) (%0, %5) (%1, %6) (R49, %7)  }
	RD-After: {(%4, %1) (%6, %2) (%13, %3) (%14, %4) (%2, %10) (%12, %11) (%13, %12) (%14, %13) (R47, %0) (R115, %0) (%0, %5) (%1, %6) (R49, %7)  }

%9: 	RD-Before: {(%4, %1) (%6, %2) (%13, %3) (%14, %4) (%2, %10) (%12, %11) (%13, %12) (%14, %13) (R47, %0) (R115, %0) (%0, %5) (%1, %6) (R49, %7)  }
	RD-After: {(%4, %1) (%6, %2) (%13, %3) (%14, %4) (%2, %10) (%12, %11) (%13, %12) (%14, %13) (R47, %0) (R115, %0) (%0, %5) (%1, %6) (R49, %7)  }

BASIC BLOCK for.body
  RD-Before: {(%4, %1) (%6, %2) (%13, %3) (%14, %4) (%0, %5) (%1, %6) (R49, %7) (%2, %10) (%12, %11) (%13, %12) (%14, %13) (R47, %0) (R115, %0)  }
  RD-After: {(%4, %1) (%6, %2) (%0, %5) (%1, %6) (R49, %7) (%2, %10) (%12, %11) (%13, %12) (%14, %13) (R47, %0) (R115, %0)  }
%10: 	RD-Before: {(%4, %1) (%6, %2) (%13, %3) (%14, %4) (%0, %5) (%1, %6) (R49, %7) (%2, %10) (%12, %11) (%13, %12) (%14, %13) (R47, %0) (R115, %0)  }
	RD-After: {(%4, %1) (%6, %2) (%13, %3) (%14, %4) (%0, %5) (%1, %6) (R49, %7) (%12, %11) (%13, %12) (%14, %13) (R47, %0) (R115, %0) (%2, %10)  }

%11: 	RD-Before: {(%4, %1) (%6, %2) (%13, %3) (%14, %4) (%0, %5) (%1, %6) (R49, %7) (%12, %11) (%13, %12) (%14, %13) (R47, %0) (R115, %0) (%2, %10)  }
	RD-After: {(%4, %1) (%6, %2) (%13, %3) (%14, %4) (%0, %5) (%1, %6) (R49, %7) (%13, %12) (%14, %13) (R47, %0) (R115, %0) (%2, %10) (%12, %11)  }

%12: 	RD-Before: {(%4, %1) (%6, %2) (%13, %3) (%14, %4) (%0, %5) (%1, %6) (R49, %7) (%13, %12) (%14, %13) (R47, %0) (R115, %0) (%2, %10) (%12, %11)  }
	RD-After: {(%4, %1) (%6, %2) (%14, %4) (%0, %5) (%1, %6) (R49, %7) (%14, %13) (R47, %0) (R115, %0) (%2, %10) (%12, %11) (%13, %12)  }

%13: 	RD-Before: {(%4, %1) (%6, %2) (%14, %4) (%0, %5) (%1, %6) (R49, %7) (%14, %13) (R47, %0) (R115, %0) (%2, %10) (%12, %11) (%13, %12)  }
	RD-After: {(%4, %1) (%6, %2) (%0, %5) (%1, %6) (R49, %7) (R47, %0) (R115, %0) (%2, %10) (%12, %11) (%13, %12) (%14, %13)  }

%14: 	RD-Before: {(%4, %1) (%6, %2) (%0, %5) (%1, %6) (R49, %7) (R47, %0) (R115, %0) (%2, %10) (%12, %11) (%13, %12) (%14, %13)  }
	RD-After: {(%4, %1) (%6, %2) (%0, %5) (%1, %6) (R49, %7) (R47, %0) (R115, %0) (%2, %10) (%12, %11) (%13, %12) (%14, %13)  }

BASIC BLOCK for.end
  RD-Before: {(%4, %1) (%6, %2) (%13, %3) (%14, %4) (%0, %5) (%1, %6) (R49, %7) (%2, %10) (%12, %11) (%13, %12) (%14, %13) (R47, %0) (R115, %0)  }
  RD-After: {(%4, %1) (%6, %2) (%13, %3) (%14, %4) (%0, %5) (%1, %6) (%2, %10) (%12, %11) (%13, %12) (%14, %13) (R49, %15) (R115, %15) (%8, %16) (R49, %17) (%9, %17) (R110, %18) (R53, %19) (R2, %20) (R43, %21) (R115, %21) (R49, %22) (R115, %22) (R49, %23) (%11, %23) (R43, %24) (R47, %0)  }
%15: 	RD-Before: {(%4, %1) (%6, %2) (%13, %3) (%14, %4) (%0, %5) (%1, %6) (R49, %7) (%2, %10) (%12, %11) (%13, %12) (%14, %13) (R47, %0) (R115, %0)  }
	RD-After: {(%4, %1) (%6, %2) (%13, %3) (%14, %4) (%0, %5) (%1, %6) (%2, %10) (%12, %11) (%13, %12) (%14, %13) (R47, %0) (R49, %15) (R115, %15)  }

%16: 	RD-Before: {(%4, %1) (%6, %2) (%13, %3) (%14, %4) (%0, %5) (%1, %6) (%2, %10) (%12, %11) (%13, %12) (%14, %13) (R47, %0) (R49, %15) (R115, %15)  }
	RD-After: {(%4, %1) (%6, %2) (%13, %3) (%14, %4) (%0, %5) (%1, %6) (%2, %10) (%12, %11) (%13, %12) (%14, %13) (R47, %0) (R49, %15) (R115, %15) (%8, %16)  }

%17: 	RD-Before: {(%4, %1) (%6, %2) (%13, %3) (%14, %4) (%0, %5) (%1, %6) (%2, %10) (%12, %11) (%13, %12) (%14, %13) (R47, %0) (R49, %15) (R115, %15) (%8, %16)  }
	RD-After: {(%4, %1) (%6, %2) (%13, %3) (%14, %4) (%0, %5) (%1, %6) (%2, %10) (%12, %11) (%13, %12) (%14, %13) (R47, %0) (R115, %15) (%8, %16) (R49, %17) (%9, %17)  }

%18: 	RD-Before: {(%4, %1) (%6, %2) (%13, %3) (%14, %4) (%0, %5) (%1, %6) (%2, %10) (%12, %11) (%13, %12) (%14, %13) (R47, %0) (R115, %15) (%8, %16) (R49, %17) (%9, %17)  }
	RD-After: {(%4, %1) (%6, %2) (%13, %3) (%14, %4) (%0, %5) (%1, %6) (%2, %10) (%12, %11) (%13, %12) (%14, %13) (R47, %0) (R115, %15) (%8, %16) (R49, %17) (%9, %17) (R110, %18)  }

%19: 	RD-Before: {(%4, %1) (%6, %2) (%13, %3) (%14, %4) (%0, %5) (%1, %6) (%2, %10) (%12, %11) (%13, %12) (%14, %13) (R47, %0) (R115, %15) (%8, %16) (R49, %17) (%9, %17) (R110, %18)  }
	RD-After: {(%4, %1) (%6, %2) (%13, %3) (%14, %4) (%0, %5) (%1, %6) (%2, %10) (%12, %11) (%13, %12) (%14, %13) (R47, %0) (R115, %15) (%8, %16) (R49, %17) (%9, %17) (R110, %18) (R53, %19)  }

%20: 	RD-Before: {(%4, %1) (%6, %2) (%13, %3) (%14, %4) (%0, %5) (%1, %6) (%2, %10) (%12, %11) (%13, %12) (%14, %13) (R47, %0) (R115, %15) (%8, %16) (R49, %17) (%9, %17) (R110, %18) (R53, %19)  }
	RD-After: {(%4, %1) (%6, %2) (%13, %3) (%14, %4) (%0, %5) (%1, %6) (%2, %10) (%12, %11) (%13, %12) (%14, %13) (R47, %0) (R115, %15) (%8, %16) (R49, %17) (%9, %17) (R110, %18) (R53, %19) (R2, %20)  }

%21: 	RD-Before: {(%4, %1) (%6, %2) (%13, %3) (%14, %4) (%0, %5) (%1, %6) (%2, %10) (%12, %11) (%13, %12) (%14, %13) (R47, %0) (R115, %15) (%8, %16) (R49, %17) (%9, %17) (R110, %18) (R53, %19) (R2, %20)  }
	RD-After: {(%4, %1) (%6, %2) (%13, %3) (%14, %4) (%0, %5) (%1, %6) (%2, %10) (%12, %11) (%13, %12) (%14, %13) (R47, %0) (%8, %16) (R49, %17) (%9, %17) (R110, %18) (R53, %19) (R2, %20) (R43, %21) (R115, %21)  }

%22: 	RD-Before: {(%4, %1) (%6, %2) (%13, %3) (%14, %4) (%0, %5) (%1, %6) (%2, %10) (%12, %11) (%13, %12) (%14, %13) (R47, %0) (%8, %16) (R49, %17) (%9, %17) (R110, %18) (R53, %19) (R2, %20) (R43, %21) (R115, %21)  }
	RD-After: {(%4, %1) (%6, %2) (%13, %3) (%14, %4) (%0, %5) (%1, %6) (%2, %10) (%12, %11) (%13, %12) (%14, %13) (R47, %0) (%8, %16) (%9, %17) (R110, %18) (R53, %19) (R2, %20) (R43, %21) (R49, %22) (R115, %22)  }

%23: 	RD-Before: {(%4, %1) (%6, %2) (%13, %3) (%14, %4) (%0, %5) (%1, %6) (%2, %10) (%12, %11) (%13, %12) (%14, %13) (R47, %0) (%8, %16) (%9, %17) (R110, %18) (R53, %19) (R2, %20) (R43, %21) (R49, %22) (R115, %22)  }
	RD-After: {(%4, %1) (%6, %2) (%13, %3) (%14, %4) (%0, %5) (%1, %6) (%2, %10) (%12, %11) (%13, %12) (%14, %13) (R47, %0) (%8, %16) (%9, %17) (R110, %18) (R53, %19) (R2, %20) (R43, %21) (R115, %22) (R49, %23) (%11, %23)  }

%24: 	RD-Before: {(%4, %1) (%6, %2) (%13, %3) (%14, %4) (%0, %5) (%1, %6) (%2, %10) (%12, %11) (%13, %12) (%14, %13) (R47, %0) (%8, %16) (%9, %17) (R110, %18) (R53, %19) (R2, %20) (R43, %21) (R115, %22) (R49, %23) (%11, %23)  }
	RD-After: {(%4, %1) (%6, %2) (%13, %3) (%14, %4) (%0, %5) (%1, %6) (%2, %10) (%12, %11) (%13, %12) (%14, %13) (R47, %0) (%8, %16) (%9, %17) (R110, %18) (R53, %19) (R2, %20) (R115, %22) (R49, %23) (%11, %23) (R43, %24)  }

%25: 	RD-Before: {(%4, %1) (%6, %2) (%13, %3) (%14, %4) (%0, %5) (%1, %6) (%2, %10) (%12, %11) (%13, %12) (%14, %13) (R47, %0) (%8, %16) (%9, %17) (R110, %18) (R53, %19) (R2, %20) (R115, %22) (R49, %23) (%11, %23) (R43, %24)  }
	RD-After: {(%4, %1) (%6, %2) (%13, %3) (%14, %4) (%0, %5) (%1, %6) (%2, %10) (%12, %11) (%13, %12) (%14, %13) (R47, %0) (%8, %16) (%9, %17) (R110, %18) (R53, %19) (R2, %20) (R115, %22) (R49, %23) (%11, %23) (R43, %24)  }

